<?xml version="1.0" encoding="UTF-8"?>
<!-- Generated by org.testng.reporters.JUnitXMLReporter -->
<testsuite ignored="2" hostname="DESKTOP-PTDMAQQ" failures="0" tests="6" name="Test" time="0.365" errors="0" timestamp="2022-10-01T17:53:30 EDT">
  <testcase classname="com.salesForce.Test.base_1.BaseTest" name="@BeforeMethod setUp" time="-1.664661210575E9">
    <failure type="org.testng.TestNGException" message="
Parameter &amp;apos;browsername&amp;apos; is required by BeforeMethod on method setUp but has not been marked @Optional or defined
in C:\Users\Rajav\eclipse-workspace\SalesForceAutomationFramework_1\testng.xml">
      <![CDATA[org.testng.TestNGException: 
Parameter 'browsername' is required by BeforeMethod on method setUp but has not been marked @Optional or defined
in C:\Users\Rajav\eclipse-workspace\SalesForceAutomationFramework_1\testng.xml
at java.base/java.util.ArrayList.forEach(ArrayList.java:1511)
... Removed 28 stack frames]]>
    </failure>
  </testcase> <!-- @BeforeMethod setUp -->
  <testcase classname="com.salesForce.Test.base_1.BaseTest" name="@AfterMethod tearDown" time="0.0">
    <skipped/>
  </testcase> <!-- @AfterMethod tearDown -->
  <testcase classname="com.salesForce.Test.base_1.BaseTest" name="@BeforeMethod setUp" time="0.0">
    <skipped/>
  </testcase> <!-- @BeforeMethod setUp -->
  <testcase classname="com.salesForce.Test.base_1.BaseTest" name="@AfterMethod tearDown" time="0.0">
    <skipped/>
  </testcase> <!-- @AfterMethod tearDown -->
  <testcase classname="com.salesForce.Test.base_1.BaseTest" name="@BeforeMethod setUp" time="0.0">
    <skipped/>
  </testcase> <!-- @BeforeMethod setUp -->
  <testcase classname="com.salesForce.Test.base_1.BaseTest" name="@AfterMethod tearDown" time="0.0">
    <skipped/>
  </testcase> <!-- @AfterMethod tearDown -->
  <testcase classname="com.salesForce.Test.base_1.BaseTest" name="@BeforeMethod setUp" time="0.0">
    <skipped/>
  </testcase> <!-- @BeforeMethod setUp -->
  <testcase classname="com.salesForce.Test.base_1.BaseTest" name="@AfterMethod tearDown" time="0.0">
    <skipped/>
  </testcase> <!-- @AfterMethod tearDown -->
  <testcase classname="com.salesForce.Test.base_1.BaseTest" name="@BeforeMethod setUp" time="0.0">
    <skipped/>
  </testcase> <!-- @BeforeMethod setUp -->
  <testcase classname="com.salesForce.Test.base_1.BaseTest" name="@AfterMethod tearDown" time="0.0">
    <skipped/>
  </testcase> <!-- @AfterMethod tearDown -->
  <testcase classname="com.salesForce.Test.base_1.BaseTest" name="@BeforeMethod setUp" time="0.0">
    <skipped/>
  </testcase> <!-- @BeforeMethod setUp -->
  <testcase classname="com.salesForce.Test.base_1.BaseTest" name="@AfterMethod tearDown" time="0.0">
    <skipped/>
  </testcase> <!-- @AfterMethod tearDown -->
  <testcase classname="com.salesForce.tests_1.AutomationScripts" name="SFTC01_emptyPassword" time="0.0">
    <skipped/>
  </testcase> <!-- SFTC01_emptyPassword -->
  <testcase classname="com.salesForce.tests_1.AutomationScripts" name="SFTC02_login" time="0.0">
    <skipped/>
  </testcase> <!-- SFTC02_login -->
  <testcase classname="com.salesForce.tests_1.AutomationScripts" name="SFTC03_rememberUsername" time="0.0">
    <skipped/>
  </testcase> <!-- SFTC03_rememberUsername -->
  <testcase classname="com.salesForce.tests_1.AutomationScripts" name="SFTC04A_forgotPassword" time="0.001">
    <skipped/>
  </testcase> <!-- SFTC04A_forgotPassword -->
  <testcase classname="com.salesForce.tests_1.AutomationScripts" name="SFTC04B_loginErrorMessage" time="0.0">
    <skipped/>
  </testcase> <!-- SFTC04B_loginErrorMessage -->
  <testcase classname="com.salesForce.tests_1.AutomationScripts" name="SFTC05_userMenu" time="0.0">
    <skipped/>
  </testcase> <!-- SFTC05_userMenu -->
  <testcase classname="com.salesForce.Test.base_1.BaseTest" name="@BeforeTest setupBeforeTest" time="0.0">
    <ignored/>
  </testcase> <!-- @BeforeTest setupBeforeTest -->
  <testcase classname="com.salesForce.Test.base_1.BaseTest" name="@AfterTest teardownAfterTest" time="0.0">
    <ignored/>
  </testcase> <!-- @AfterTest teardownAfterTest -->
</testsuite> <!-- Test -->
